/*C2*/SET SCHEMA PUBLIC
CONNECT USER SA
drop table resources
create table RESOURCES (\u000d\u000a\u000d\u000aid INTEGER GENERATED BY DEFAULT AS IDENTITY(START WITH 1)PRIMARY KEY,\u000d\u000atipo varchar(15),\u000d\u000anombre varchar (50),\u000d\u000adescriptcon varchar (200),\u000d\u000ainfo varchar (250),\u000d\u000alatitud float,\u000d\u000alongitud float,\u000d\u000adireccion varchar (50),\u000d\u000aestado varchar (15),\u000d\u000aidAssigned integer)
drop table resources
create table RESOURCES (\u000d\u000a\u000d\u000aid INTEGER GENERATED BY DEFAULT AS IDENTITY(START WITH 1)PRIMARY KEY,\u000d\u000atipo varchar(15),\u000d\u000anombre varchar (50),\u000d\u000adescripcion varchar (200),\u000d\u000ainfo varchar (250),\u000d\u000alatitud float,\u000d\u000alongitud float,\u000d\u000adireccion varchar (50),\u000d\u000aestado varchar (15),\u000d\u000aidAssigned integer)
INSERT INTO RESOURCES VALUES(1,'police','Unit P-001','description...','info...',0.0E0,0.0E0,'','active',0)
INSERT INTO RESOURCES VALUES(2,'police','Unit P-002','description...','info...',0.0E0,0.0E0,'','active',0)
INSERT INTO RESOURCES VALUES(3,'police','Unit P-003','description...','info...',0.0E0,0.0E0,'','active',0)
INSERT INTO RESOURCES VALUES(4,'police','Unit P-004','description...','info...',0.0E0,0.0E0,'','active',0)
INSERT INTO RESOURCES VALUES(5,'police','Unit P-005','description...','info...',0.0E0,0.0E0,'','active',0)
INSERT INTO RESOURCES VALUES(6,'firemen','Unit F-001','description...','info...',0.0E0,0.0E0,'','active',0)
INSERT INTO RESOURCES VALUES(7,'firemen','Unit F-002','description...','info...',0.0E0,0.0E0,'','active',0)
INSERT INTO RESOURCES VALUES(8,'firemen','Unit F-003','description...','info...',0.0E0,0.0E0,'','active',0)
INSERT INTO RESOURCES VALUES(9,'firemen','Unit F-004','description...','info...',0.0E0,0.0E0,'','active',0)
INSERT INTO RESOURCES VALUES(10,'firemen','Unit F-005','description...','info...',0.0E0,0.0E0,'','active',0)
INSERT INTO RESOURCES VALUES(11,'ambulance','Unit A-001','description...','info...',0.0E0,0.0E0,'','active',0)
INSERT INTO RESOURCES VALUES(12,'ambulance','Unit A-001','description...','info...',0.0E0,0.0E0,'','active',0)
INSERT INTO RESOURCES VALUES(13,'ambulance','Unit A-001','description...','info...',0.0E0,0.0E0,'','active',0)
INSERT INTO RESOURCES VALUES(14,'ambulance','Unit A-001','description...','info...',0.0E0,0.0E0,'','active',0)
INSERT INTO RESOURCES VALUES(15,'ambulance','Unit A-001','description...','info...',0.0E0,0.0E0,'','active',0)
drop table catastrofes
create table catastrofes (\u000d\u000aid INTEGER GENERATED BY DEFAULT AS IDENTITY(START WITH 1)PRIMARY KEY, \u000d\u000amarcador varchar(15),\u000d\u000atipo varchar(15),\u000d\u000acantidad int ,\u000d\u000anombre varchar (50),\u000d\u000adescripcion varchar (200),\u000d\u000ainfo varchar (250),\u000d\u000alatitud float,\u000d\u000alongitud float,\u000d\u000adireccion varchar (50),\u000d\u000aestado varchar (15),\u000d\u000asize varchar (15),\u000d\u000atraffic varchar (15),\u000d\u000afecha datetime,\u000d\u000aidAssigned int,\u000d\u000amodificado TIMESTAMP DEFAULT CURRENT_TIMESTAMP,\u000d\u000ausuario int)\u000d\u000a
INSERT INTO CATASTROFES VALUES(1,'event','fire',1,'Incendio Planetario','Fuegos inestables junto al parque','posiblemente  provocado',40.390679E0,-3.692541E0,'Avenida Planetario','active','big','medium','2001-01-01 00:00:01.000000000',0,'2008-04-15 13:07:00.509000000',1)
INSERT INTO CATASTROFES VALUES(2,'resource','police',4,'Policia','Unidad 2115','Evacuando personal',40.416878E0,-3.70348E0,'calle Gran  Via','active','','','2001-03-01 00:00:01.000000000',0,'2008-04-15 13:07:00.509000000',1)
INSERT INTO CATASTROFES VALUES(3,'people','slight',5,'Heridos leves','contusiones','No peligrosidad',40.448398E0,-3.727623E0,'Avenida  Complutense','active','','','2001-04-03 00:00:01.000000000',0,'2008-04-15 13:07:00.509000000',1)
DISCONNECT
